[debug] [2024-06-06T19:52:49.176Z] ----------------------------------------------------------------------
[debug] [2024-06-06T19:52:49.178Z] Command:       C:\Program Files\nodejs\node.exe C:\Users\anujv\AppData\Roaming\npm\node_modules\firebase-tools\lib\bin\firebase.js init
[debug] [2024-06-06T19:52:49.178Z] CLI Version:   13.11.0
[debug] [2024-06-06T19:52:49.178Z] Platform:      win32
[debug] [2024-06-06T19:52:49.178Z] Node Version:  v20.13.1
[debug] [2024-06-06T19:52:49.178Z] Time:          Thu Jun 06 2024 15:52:49 GMT-0400 (Eastern Daylight Time)
[debug] [2024-06-06T19:52:49.178Z] ----------------------------------------------------------------------
[debug] 
[debug] [2024-06-06T19:52:49.183Z] > command requires scopes: ["email","openid","https://www.googleapis.com/auth/cloudplatformprojects.readonly","https://www.googleapis.com/auth/firebase","https://www.googleapis.com/auth/cloud-platform"]
[debug] [2024-06-06T19:52:49.184Z] > authorizing via signed-in user (aditi.v.dharmadhikari@gmail.com)
[info] 
     ######## #### ########  ######## ########     ###     ######  ########
     ##        ##  ##     ## ##       ##     ##  ##   ##  ##       ##
     ######    ##  ########  ######   ########  #########  ######  ######
     ##        ##  ##    ##  ##       ##     ## ##     ##       ## ##
     ##       #### ##     ## ######## ########  ##     ##  ######  ########

You're about to initialize a Firebase project in this directory:

  C:\Users\anujv\expense-tracker

[info] 
=== Project Setup
[info] 
[info] First, let's associate this project directory with a Firebase project.
[info] You can create multiple project aliases by running firebase use --add, 
[info] but for now we'll just set up a default project.
[info] 
[debug] [2024-06-06T19:53:04.678Z] > refreshing access token with scopes: []
[debug] [2024-06-06T19:53:04.682Z] >>> [apiv2][query] POST https://www.googleapis.com/oauth2/v3/token [none]
[debug] [2024-06-06T19:53:04.682Z] >>> [apiv2][body] POST https://www.googleapis.com/oauth2/v3/token [omitted]
[debug] [2024-06-06T19:53:05.205Z] <<< [apiv2][status] POST https://www.googleapis.com/oauth2/v3/token 200
[debug] [2024-06-06T19:53:05.206Z] <<< [apiv2][body] POST https://www.googleapis.com/oauth2/v3/token [omitted]
[debug] [2024-06-06T19:53:05.226Z] >>> [apiv2][query] GET https://firebase.googleapis.com/v1beta1/projects pageSize=100
[debug] [2024-06-06T19:53:05.717Z] <<< [apiv2][status] GET https://firebase.googleapis.com/v1beta1/projects 200
[debug] [2024-06-06T19:53:05.717Z] <<< [apiv2][body] GET https://firebase.googleapis.com/v1beta1/projects [omitted]
[info] i  Using project expense-tracker-265dc (expense-tracker) 
[info] 
=== Hosting Setup
[debug] [2024-06-06T19:53:11.044Z] >>> [apiv2][query] GET https://firebase.googleapis.com/v1beta1/projects/expense-tracker-265dc [none]
[debug] [2024-06-06T19:53:11.543Z] <<< [apiv2][status] GET https://firebase.googleapis.com/v1beta1/projects/expense-tracker-265dc 200
[debug] [2024-06-06T19:53:11.544Z] <<< [apiv2][body] GET https://firebase.googleapis.com/v1beta1/projects/expense-tracker-265dc {"projectId":"expense-tracker-265dc","projectNumber":"370696590647","displayName":"expense-tracker","name":"projects/expense-tracker-265dc","resources":{"hostingSite":"expense-tracker-265dc"},"state":"ACTIVE","etag":"1_5cf65bd1-a9f1-4161-8ba6-023332c463c1"}
[info] 
[info] Your public directory is the folder (relative to your project directory) that
[info] will contain Hosting assets to be uploaded with firebase deploy. If you
[info] have a build process for your assets, use your build's output directory.
[info] 
[info] i  Skipping write of public/404.html 
[debug] [2024-06-06T19:56:25.995Z] >>> [apiv2][query] GET https://www.gstatic.com/firebasejs/releases.json [none]
[debug] [2024-06-06T19:56:26.263Z] <<< [apiv2][status] GET https://www.gstatic.com/firebasejs/releases.json 200
[debug] [2024-06-06T19:56:26.263Z] <<< [apiv2][body] GET https://www.gstatic.com/firebasejs/releases.json {"current":{"version":"10.12.2","browserURL":"https://www.gstatic.com/firebasejs/10.12.2/firebase.js","packageURL":"https://www.gstatic.com/firebasejs/10.12.2/firebase.tgz"},"live":{"version":"10.12","browserURL":"https://www.gstatic.com/firebasejs/live/10.12/firebase.js","packageURL":"https://www.gstatic.com/firebasejs/live/10.12/firebase.tgz"},"components":{"analytics":"https://www.gstatic.com/firebasejs/10.12.2/firebase-analytics.js","app":"https://www.gstatic.com/firebasejs/10.12.2/firebase-app.js","app-check":"https://www.gstatic.com/firebasejs/10.12.2/firebase-app-check.js","auth":"https://www.gstatic.com/firebasejs/10.12.2/firebase-auth.js","auth/cordova":"https://www.gstatic.com/firebasejs/10.12.2/firebase-auth/cordova.js","auth/web-extension":"https://www.gstatic.com/firebasejs/10.12.2/firebase-auth/web-extension.js","functions":"https://www.gstatic.com/firebasejs/10.12.2/firebase-functions.js","firestore":"https://www.gstatic.com/firebasejs/10.12.2/firebase-firestore.js","firestore/lite":"https://www.gstatic.com/firebasejs/10.12.2/firebase-firestore/lite.js","installations":"https://www.gstatic.com/firebasejs/10.12.2/firebase-installations.js","storage":"https://www.gstatic.com/firebasejs/10.12.2/firebase-storage.js","performance":"https://www.gstatic.com/firebasejs/10.12.2/firebase-performance.js","remote-config":"https://www.gstatic.com/firebasejs/10.12.2/firebase-remote-config.js","messaging":"https://www.gstatic.com/firebasejs/10.12.2/firebase-messaging.js","messaging/sw":"https://www.gstatic.com/firebasejs/10.12.2/firebase-messaging/sw.js","database":"https://www.gstatic.com/firebasejs/10.12.2/firebase-database.js","vertexai-preview":"https://www.gstatic.com/firebasejs/10.12.2/firebase-vertexai-preview.js","firestore.memory":"https://www.gstatic.com/firebasejs/10.12.2/firebase-firestore.memory.js"}}
[info] i  Skipping write of public/index.html 
[info] 
[info] i  Detected a .git folder at C:\Users\anujv\expense-tracker 
[info] i  Authorizing with GitHub to upload your service account to a GitHub repository's secrets store. 
[info] 
[info] Visit this URL on this device to log in:
[info] https://github.com/login/oauth/authorize?client_id=89cf50f02ac6aaed3484&state=906819375&redirect_uri=http%3A%2F%2Flocalhost%3A9005&scope=read%3Auser%20repo%20public_repo
[info] 
[info] Waiting for authentication...
[debug] [2024-06-06T19:56:35.335Z] >>> [apiv2][query] POST https://github.com/login/oauth/access_token [none]
[debug] [2024-06-06T19:56:35.336Z] >>> [apiv2][body] POST https://github.com/login/oauth/access_token [stream]
[debug] [2024-06-06T19:56:35.819Z] <<< [apiv2][status] POST https://github.com/login/oauth/access_token 200
[debug] [2024-06-06T19:56:35.819Z] <<< [apiv2][body] POST https://github.com/login/oauth/access_token {"access_token":"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","token_type":"bearer","scope":"read:user,repo"}
[debug] [2024-06-06T19:56:35.830Z] >>> [apiv2][query] GET https://api.github.com/user [none]
[debug] [2024-06-06T19:56:36.177Z] <<< [apiv2][status] GET https://api.github.com/user 200
[debug] [2024-06-06T19:56:36.177Z] <<< [apiv2][body] GET https://api.github.com/user {"login":"Aditi1900","id":164111988,"node_id":"U_kgDOCcgmdA","avatar_url":"https://avatars.githubusercontent.com/u/164111988?v=4","gravatar_id":"","url":"https://api.github.com/users/Aditi1900","html_url":"https://github.com/Aditi1900","followers_url":"https://api.github.com/users/Aditi1900/followers","following_url":"https://api.github.com/users/Aditi1900/following{/other_user}","gists_url":"https://api.github.com/users/Aditi1900/gists{/gist_id}","starred_url":"https://api.github.com/users/Aditi1900/starred{/owner}{/repo}","subscriptions_url":"https://api.github.com/users/Aditi1900/subscriptions","organizations_url":"https://api.github.com/users/Aditi1900/orgs","repos_url":"https://api.github.com/users/Aditi1900/repos","events_url":"https://api.github.com/users/Aditi1900/events{/privacy}","received_events_url":"https://api.github.com/users/Aditi1900/received_events","type":"User","site_admin":false,"name":null,"company":null,"blog":"","location":null,"email":null,"hireable":null,"bio":null,"twitter_username":null,"public_repos":0,"public_gists":0,"followers":0,"following":0,"created_at":"2024-03-20T01:17:24Z","updated_at":"2024-04-29T19:22:06Z","private_gists":0,"total_private_repos":3,"owned_private_repos":2,"disk_usage":7604,"collaborators":0,"two_factor_authentication":false,"plan":{"name":"free","space":976562499,"collaborators":0,"private_repos":10000}}
[info] 
[info] +  Success! Logged into GitHub as Aditi1900 
[info] 
